{"timestamp":"2025-11-19T16:37:48.459771Z","level":"info","event":"DAG bundles loaded: dags-folder","logger":"airflow.dag_processing.bundles.manager.DagBundlesManager","filename":"manager.py","lineno":179}
{"timestamp":"2025-11-19T16:37:48.460481Z","level":"info","event":"Filling up the DagBag from /opt/airflow/dags/ltsf_pipeline_dag.py","logger":"airflow.models.dagbag.DagBag","filename":"dagbag.py","lineno":593}
{"timestamp":"2025-11-19T16:37:50.348338Z","level":"info","event":"HEHE","logger":"task.stdout"}
{"timestamp":"2025-11-19T16:37:51.394381Z","level":"info","event":"XCom received: {'dag': <DAG: ltsf_baseline_pipeline>, 'inlets': [], 'map_index_template': None, 'outlets': [], 'run_id': 'manual__2025-11-19T16:37:42+00:00', 'task': <Task(PythonOperator): train_models>, 'task_instance': RuntimeTaskInstance(id=UUID('019a9cfa-a6af-7132-aab4-462d3b9399c7'), task_id='train_models', dag_id='ltsf_baseline_pipeline', run_id='manual__2025-11-19T16:37:42+00:00', try_number=1, dag_version_id=UUID('019a9cf6-2235-7ef6-9f1d-6543b1eff13e'), map_index=-1, hostname='c2e089073801', context_carrier={}, task=<Task(PythonOperator): train_models>, bundle_instance=LocalDagBundle(name=dags-folder), max_tries=0, start_date=datetime.datetime(2025, 11, 19, 16, 37, 48, 414491, tzinfo=datetime.timezone.utc), end_date=None, state=<TaskInstanceState.RUNNING: 'running'>, is_mapped=False, rendered_map_index=None), 'ti': RuntimeTaskInstance(id=UUID('019a9cfa-a6af-7132-aab4-462d3b9399c7'), task_id='train_models', dag_id='ltsf_baseline_pipeline', run_id='manual__2025-11-19T16:37:42+00:00', try_number=1, dag_version_id=UUID('019a9cf6-2235-7ef6-9f1d-6543b1eff13e'), map_index=-1, hostname='c2e089073801', context_carrier={}, task=<Task(PythonOperator): train_models>, bundle_instance=LocalDagBundle(name=dags-folder), max_tries=0, start_date=datetime.datetime(2025, 11, 19, 16, 37, 48, 414491, tzinfo=datetime.timezone.utc), end_date=None, state=<TaskInstanceState.RUNNING: 'running'>, is_mapped=False, rendered_map_index=None), 'outlet_events': <airflow.sdk.execution_time.context.OutletEventAccessors object at 0x74a67453d130>, 'inlet_events': InletEventsAccessors(_inlets=[], _assets={}, _asset_aliases={}), 'macros': <MacrosAccessor (dynamic access to macros)>, 'params': {}, 'var': {'json': <VariableAccessor (dynamic access)>, 'value': <VariableAccessor (dynamic access)>}, 'conn': <ConnectionAccessor (dynamic access)>, 'dag_run': DagRun(dag_id='ltsf_baseline_pipeline', run_id='manual__2025-11-19T16:37:42+00:00', logical_date=datetime.datetime(2025, 11, 19, 16, 37, 42, tzinfo=datetime.timezone.utc), data_interval_start=datetime.datetime(2025, 11, 19, 16, 37, 42, tzinfo=datetime.timezone.utc), data_interval_end=datetime.datetime(2025, 11, 19, 16, 37, 42, tzinfo=datetime.timezone.utc), run_after=datetime.datetime(2025, 11, 19, 16, 37, 42, tzinfo=datetime.timezone.utc), start_date=datetime.datetime(2025, 11, 19, 16, 37, 44, 33092, tzinfo=datetime.timezone.utc), end_date=None, clear_number=0, run_type=<DagRunType.MANUAL: 'manual'>, state=<DagRunState.RUNNING: 'running'>, conf={}, triggering_user_name='airflow', consumed_asset_events=[]), 'triggering_asset_events': TriggeringAssetEventsAccessor(_events=defaultdict(<class 'list'>, {})), 'task_instance_key_str': 'ltsf_baseline_pipeline__train_models__20251119', 'task_reschedule_count': 0, 'prev_start_date_success': <Proxy at 0x74a63b85a900 with factory <function RuntimeTaskInstance.get_template_context.<locals>.<lambda> at 0x74a63b843420>>, 'prev_end_date_success': <Proxy at 0x74a63b859180 with factory <function RuntimeTaskInstance.get_template_context.<locals>.<lambda> at 0x74a63b842f20>>, 'logical_date': DateTime(2025, 11, 19, 16, 37, 42, tzinfo=Timezone('UTC')), 'ds': '2025-11-19', 'ds_nodash': '20251119', 'ts': '2025-11-19T16:37:42+00:00', 'ts_nodash': '20251119T163742', 'ts_nodash_with_tz': '20251119T163742+0000', 'data_interval_end': DateTime(2025, 11, 19, 16, 37, 42, tzinfo=Timezone('UTC')), 'data_interval_start': DateTime(2025, 11, 19, 16, 37, 42, tzinfo=Timezone('UTC')), 'prev_data_interval_start_success': <Proxy at 0x74a63c375340 with factory <function RuntimeTaskInstance.get_template_context.<locals>.<lambda> at 0x74a63b864680>>, 'prev_data_interval_end_success': <Proxy at 0x74a63bf65b80 with factory <function RuntimeTaskInstance.get_template_context.<locals>.<lambda> at 0x74a63b864720>>, 'templates_dict': None}","logger":"task.stdout"}
{"timestamp":"2025-11-19T16:37:51.408979Z","level":"info","event":"splits_path: data/processed/norm_splits.pkl","logger":"task.stdout"}
{"timestamp":"2025-11-19T16:37:51.409104Z","level":"info","event":"scaler_path: data/processed/scaler.pkl","logger":"task.stdout"}
{"timestamp":"2025-11-19T16:37:51.439920Z","level":"info","event":"********************************************************************************","logger":"task.stdout"}
{"timestamp":"2025-11-19T16:37:51.440057Z","level":"info","event":"Training Linear for horizon 7d...","logger":"task.stdout"}
{"timestamp":"2025-11-19T16:37:58.338881Z","level":"info","event":"Epoch 10/50 | Train 0.0371 | Val 0.0310","logger":"task.stdout"}
{"timestamp":"2025-11-19T16:38:02.676645Z","level":"info","event":"Epoch 20/50 | Train 0.0230 | Val 0.0019","logger":"task.stdout"}
{"timestamp":"2025-11-19T16:38:06.988496Z","level":"info","event":"Epoch 30/50 | Train 0.0224 | Val 0.0016","logger":"task.stdout"}
{"timestamp":"2025-11-19T16:38:12.212411Z","level":"info","event":"Epoch 40/50 | Train 0.0220 | Val 0.0016","logger":"task.stdout"}
{"timestamp":"2025-11-19T16:38:16.226914Z","level":"info","event":"Epoch 50/50 | Train 0.0217 | Val 0.0016","logger":"task.stdout"}
{"timestamp":"2025-11-19T16:38:16.325777Z","level":"info","event":"********************************************************************************","logger":"task.stdout"}
{"timestamp":"2025-11-19T16:38:16.325948Z","level":"info","event":"Training Linear for horizon 30d...","logger":"task.stdout"}
{"timestamp":"2025-11-19T16:38:19.737796Z","level":"info","event":"Epoch 10/50 | Train 0.0367 | Val 0.0016","logger":"task.stdout"}
{"timestamp":"2025-11-19T16:38:23.431515Z","level":"info","event":"Epoch 20/50 | Train 0.0271 | Val 0.0014","logger":"task.stdout"}
{"timestamp":"2025-11-19T16:38:27.128747Z","level":"info","event":"Epoch 30/50 | Train 0.0241 | Val 0.0014","logger":"task.stdout"}
{"timestamp":"2025-11-19T16:38:32.777194Z","level":"info","event":"Epoch 40/50 | Train 0.0219 | Val 0.0013","logger":"task.stdout"}
{"timestamp":"2025-11-19T16:38:37.510727Z","level":"info","event":"Epoch 50/50 | Train 0.0210 | Val 0.0012","logger":"task.stdout"}
{"timestamp":"2025-11-19T16:38:37.641851Z","level":"info","event":"********************************************************************************","logger":"task.stdout"}
{"timestamp":"2025-11-19T16:38:37.641967Z","level":"info","event":"Training Linear for horizon 120d...","logger":"task.stdout"}
{"timestamp":"2025-11-19T16:38:41.793025Z","level":"info","event":"Epoch 10/50 | Train 0.0382 | Val 0.0043","logger":"task.stdout"}
{"timestamp":"2025-11-19T16:38:45.871909Z","level":"info","event":"Epoch 20/50 | Train 0.0271 | Val 0.0037","logger":"task.stdout"}
{"timestamp":"2025-11-19T16:38:49.451654Z","level":"info","event":"Epoch 30/50 | Train 0.0240 | Val 0.0016","logger":"task.stdout"}
{"timestamp":"2025-11-19T16:38:52.935450Z","level":"info","event":"Epoch 40/50 | Train 0.0219 | Val 0.0015","logger":"task.stdout"}
{"timestamp":"2025-11-19T16:38:56.469672Z","level":"info","event":"Epoch 50/50 | Train 0.0212 | Val 0.0014","logger":"task.stdout"}
{"timestamp":"2025-11-19T16:38:56.563842Z","level":"info","event":"********************************************************************************","logger":"task.stdout"}
{"timestamp":"2025-11-19T16:38:56.563996Z","level":"info","event":"Training Linear for horizon 480d...","logger":"task.stdout"}
{"timestamp":"2025-11-19T16:38:59.456590Z","level":"info","event":"Epoch 10/50 | Train 0.0345 | Val 0.0310","logger":"task.stdout"}
{"timestamp":"2025-11-19T16:39:02.364449Z","level":"info","event":"Epoch 20/50 | Train 0.0204 | Val 0.0299","logger":"task.stdout"}
{"timestamp":"2025-11-19T16:39:06.318253Z","level":"info","event":"Epoch 30/50 | Train 0.0176 | Val 0.0185","logger":"task.stdout"}
{"timestamp":"2025-11-19T16:39:10.752198Z","level":"info","event":"Epoch 40/50 | Train 0.0167 | Val 0.0177","logger":"task.stdout"}
{"timestamp":"2025-11-19T16:39:13.708964Z","level":"info","event":"Epoch 50/50 | Train 0.0144 | Val 0.0225","logger":"task.stdout"}
{"timestamp":"2025-11-19T16:39:13.825626Z","level":"error","event":"Task failed with exception","logger":"task","filename":"task_runner.py","lineno":1002,"error_detail":[{"exc_type":"ModuleNotFoundError","exc_value":"No module named 'matplotlib'","exc_notes":[],"syntax_error":null,"is_cause":false,"frames":[{"filename":"/home/airflow/.local/lib/python3.12/site-packages/airflow/sdk/execution_time/task_runner.py","lineno":928,"name":"run"},{"filename":"/home/airflow/.local/lib/python3.12/site-packages/airflow/sdk/execution_time/task_runner.py","lineno":1315,"name":"_execute_task"},{"filename":"/home/airflow/.local/lib/python3.12/site-packages/airflow/sdk/bases/operator.py","lineno":416,"name":"wrapper"},{"filename":"/home/airflow/.local/lib/python3.12/site-packages/airflow/providers/standard/operators/python.py","lineno":213,"name":"execute"},{"filename":"/home/airflow/.local/lib/python3.12/site-packages/airflow/providers/standard/operators/python.py","lineno":236,"name":"execute_callable"},{"filename":"/home/airflow/.local/lib/python3.12/site-packages/airflow/sdk/execution_time/callback_runner.py","lineno":82,"name":"run"},{"filename":"/opt/airflow/dags/ltsf_pipeline_dag.py","lineno":206,"name":"train_models_task"},{"filename":"/opt/airflow/src/utils/plotting.py","lineno":2,"name":"plot_loss_curves"}],"is_group":false,"exceptions":[]}]}
