{"timestamp":"2025-11-19T16:51:31.566741Z","level":"info","event":"DAG bundles loaded: dags-folder","logger":"airflow.dag_processing.bundles.manager.DagBundlesManager","filename":"manager.py","lineno":179}
{"timestamp":"2025-11-19T16:51:31.567548Z","level":"info","event":"Filling up the DagBag from /opt/airflow/dags/ltsf_pipeline_dag.py","logger":"airflow.models.dagbag.DagBag","filename":"dagbag.py","lineno":593}
{"timestamp":"2025-11-19T16:51:35.812084Z","level":"info","event":"XCom received: {'dag': <DAG: ltsf_baseline_pipeline>, 'inlets': [], 'map_index_template': None, 'outlets': [], 'run_id': 'manual__2025-11-19T16:51:20+00:00', 'task': <Task(PythonOperator): train_models>, 'task_instance': RuntimeTaskInstance(id=UUID('019a9d07-1eae-7c97-afd0-7b0922d4f33a'), task_id='train_models', dag_id='ltsf_baseline_pipeline', run_id='manual__2025-11-19T16:51:20+00:00', try_number=1, dag_version_id=UUID('019a9d06-50f7-7ba2-aadf-097f0b1484f2'), map_index=-1, hostname='65aaa85ba96d', context_carrier={}, task=<Task(PythonOperator): train_models>, bundle_instance=LocalDagBundle(name=dags-folder), max_tries=0, start_date=datetime.datetime(2025, 11, 19, 16, 51, 31, 516604, tzinfo=datetime.timezone.utc), end_date=None, state=<TaskInstanceState.RUNNING: 'running'>, is_mapped=False, rendered_map_index=None), 'ti': RuntimeTaskInstance(id=UUID('019a9d07-1eae-7c97-afd0-7b0922d4f33a'), task_id='train_models', dag_id='ltsf_baseline_pipeline', run_id='manual__2025-11-19T16:51:20+00:00', try_number=1, dag_version_id=UUID('019a9d06-50f7-7ba2-aadf-097f0b1484f2'), map_index=-1, hostname='65aaa85ba96d', context_carrier={}, task=<Task(PythonOperator): train_models>, bundle_instance=LocalDagBundle(name=dags-folder), max_tries=0, start_date=datetime.datetime(2025, 11, 19, 16, 51, 31, 516604, tzinfo=datetime.timezone.utc), end_date=None, state=<TaskInstanceState.RUNNING: 'running'>, is_mapped=False, rendered_map_index=None), 'outlet_events': <airflow.sdk.execution_time.context.OutletEventAccessors object at 0x7e4a18470980>, 'inlet_events': InletEventsAccessors(_inlets=[], _assets={}, _asset_aliases={}), 'macros': <MacrosAccessor (dynamic access to macros)>, 'params': {}, 'var': {'json': <VariableAccessor (dynamic access)>, 'value': <VariableAccessor (dynamic access)>}, 'conn': <ConnectionAccessor (dynamic access)>, 'dag_run': DagRun(dag_id='ltsf_baseline_pipeline', run_id='manual__2025-11-19T16:51:20+00:00', logical_date=datetime.datetime(2025, 11, 19, 16, 51, 20, tzinfo=datetime.timezone.utc), data_interval_start=datetime.datetime(2025, 11, 19, 16, 51, 20, tzinfo=datetime.timezone.utc), data_interval_end=datetime.datetime(2025, 11, 19, 16, 51, 20, tzinfo=datetime.timezone.utc), run_after=datetime.datetime(2025, 11, 19, 16, 51, 20, tzinfo=datetime.timezone.utc), start_date=datetime.datetime(2025, 11, 19, 16, 51, 21, 415112, tzinfo=datetime.timezone.utc), end_date=None, clear_number=0, run_type=<DagRunType.MANUAL: 'manual'>, state=<DagRunState.RUNNING: 'running'>, conf={}, triggering_user_name='airflow', consumed_asset_events=[]), 'triggering_asset_events': TriggeringAssetEventsAccessor(_events=defaultdict(<class 'list'>, {})), 'task_instance_key_str': 'ltsf_baseline_pipeline__train_models__20251119', 'task_reschedule_count': 0, 'prev_start_date_success': <Proxy at 0x7e4a17d6f740 with factory <function RuntimeTaskInstance.get_template_context.<locals>.<lambda> at 0x7e4a17ddb420>>, 'prev_end_date_success': <Proxy at 0x7e4a19c95700 with factory <function RuntimeTaskInstance.get_template_context.<locals>.<lambda> at 0x7e4a17ddaf20>>, 'logical_date': DateTime(2025, 11, 19, 16, 51, 20, tzinfo=Timezone('UTC')), 'ds': '2025-11-19', 'ds_nodash': '20251119', 'ts': '2025-11-19T16:51:20+00:00', 'ts_nodash': '20251119T165120', 'ts_nodash_with_tz': '20251119T165120+0000', 'data_interval_end': DateTime(2025, 11, 19, 16, 51, 20, tzinfo=Timezone('UTC')), 'data_interval_start': DateTime(2025, 11, 19, 16, 51, 20, tzinfo=Timezone('UTC')), 'prev_data_interval_start_success': <Proxy at 0x7e4a17df1880 with factory <function RuntimeTaskInstance.get_template_context.<locals>.<lambda> at 0x7e4a17dfc680>>, 'prev_data_interval_end_success': <Proxy at 0x7e4a17df2440 with factory <function RuntimeTaskInstance.get_template_context.<locals>.<lambda> at 0x7e4a17dfc720>>, 'templates_dict': None}","logger":"task.stdout"}
{"timestamp":"2025-11-19T16:51:35.834619Z","level":"info","event":"splits_path: data/processed/norm_splits.pkl","logger":"task.stdout"}
{"timestamp":"2025-11-19T16:51:35.834781Z","level":"info","event":"scaler_path: data/processed/scaler.pkl","logger":"task.stdout"}
{"timestamp":"2025-11-19T16:51:35.856968Z","level":"info","event":"********************************************************************************","logger":"task.stdout"}
{"timestamp":"2025-11-19T16:51:35.857140Z","level":"info","event":"Training Linear for horizon 7d...","logger":"task.stdout"}
{"timestamp":"2025-11-19T16:51:41.574948Z","level":"info","event":"Epoch 10/50 | Train 0.1525 | Val 0.1743","logger":"task.stdout"}
{"timestamp":"2025-11-19T16:51:45.461922Z","level":"info","event":"Epoch 20/50 | Train 0.0230 | Val 0.0060","logger":"task.stdout"}
{"timestamp":"2025-11-19T16:51:49.478836Z","level":"info","event":"Epoch 30/50 | Train 0.0208 | Val 0.0022","logger":"task.stdout"}
{"timestamp":"2025-11-19T16:51:53.275790Z","level":"info","event":"Epoch 40/50 | Train 0.0204 | Val 0.0016","logger":"task.stdout"}
{"timestamp":"2025-11-19T16:51:57.122715Z","level":"info","event":"Epoch 50/50 | Train 0.0202 | Val 0.0015","logger":"task.stdout"}
{"timestamp":"2025-11-19T16:51:57.233505Z","level":"info","event":"********************************************************************************","logger":"task.stdout"}
{"timestamp":"2025-11-19T16:51:57.233652Z","level":"info","event":"Training Linear for horizon 30d...","logger":"task.stdout"}
{"timestamp":"2025-11-19T16:52:01.134191Z","level":"info","event":"Epoch 10/50 | Train 0.0436 | Val 0.0017","logger":"task.stdout"}
{"timestamp":"2025-11-19T16:52:04.945203Z","level":"info","event":"Epoch 20/50 | Train 0.0312 | Val 0.0016","logger":"task.stdout"}
{"timestamp":"2025-11-19T16:52:09.333297Z","level":"info","event":"Epoch 30/50 | Train 0.0274 | Val 0.0016","logger":"task.stdout"}
{"timestamp":"2025-11-19T16:52:14.338010Z","level":"info","event":"Epoch 40/50 | Train 0.0247 | Val 0.0014","logger":"task.stdout"}
{"timestamp":"2025-11-19T16:52:18.173809Z","level":"info","event":"Epoch 50/50 | Train 0.0234 | Val 0.0014","logger":"task.stdout"}
{"timestamp":"2025-11-19T16:52:18.267941Z","level":"info","event":"********************************************************************************","logger":"task.stdout"}
{"timestamp":"2025-11-19T16:52:18.268111Z","level":"info","event":"Training Linear for horizon 120d...","logger":"task.stdout"}
{"timestamp":"2025-11-19T16:52:21.921909Z","level":"info","event":"Epoch 10/50 | Train 0.0358 | Val 0.0019","logger":"task.stdout"}
{"timestamp":"2025-11-19T16:52:25.489082Z","level":"info","event":"Epoch 20/50 | Train 0.0253 | Val 0.0016","logger":"task.stdout"}
{"timestamp":"2025-11-19T16:52:29.048880Z","level":"info","event":"Epoch 30/50 | Train 0.0227 | Val 0.0017","logger":"task.stdout"}
{"timestamp":"2025-11-19T16:52:32.682444Z","level":"info","event":"Epoch 40/50 | Train 0.0215 | Val 0.0025","logger":"task.stdout"}
{"timestamp":"2025-11-19T16:52:36.252607Z","level":"info","event":"Epoch 50/50 | Train 0.0203 | Val 0.0022","logger":"task.stdout"}
{"timestamp":"2025-11-19T16:52:36.346764Z","level":"info","event":"********************************************************************************","logger":"task.stdout"}
{"timestamp":"2025-11-19T16:52:36.346948Z","level":"info","event":"Training Linear for horizon 480d...","logger":"task.stdout"}
{"timestamp":"2025-11-19T16:52:39.491481Z","level":"info","event":"Epoch 10/50 | Train 0.0283 | Val 0.0257","logger":"task.stdout"}
{"timestamp":"2025-11-19T16:52:42.743812Z","level":"info","event":"Epoch 20/50 | Train 0.0225 | Val 0.0371","logger":"task.stdout"}
{"timestamp":"2025-11-19T16:52:46.949687Z","level":"info","event":"Epoch 30/50 | Train 0.0159 | Val 0.0240","logger":"task.stdout"}
{"timestamp":"2025-11-19T16:52:50.582588Z","level":"info","event":"Epoch 40/50 | Train 0.0150 | Val 0.0233","logger":"task.stdout"}
{"timestamp":"2025-11-19T16:52:53.651609Z","level":"info","event":"Epoch 50/50 | Train 0.0135 | Val 0.0220","logger":"task.stdout"}
{"timestamp":"2025-11-19T16:52:54.536939Z","level":"info","event":"generated new fontManager","logger":"matplotlib.font_manager","filename":"font_manager.py","lineno":1639}
{"timestamp":"2025-11-19T16:52:55.633595Z","level":"info","event":"Done. Returned value was: None","logger":"airflow.task.operators.airflow.providers.standard.operators.python.PythonOperator","filename":"python.py","lineno":215}
